2010-06-26 17:26:35 Notice: Notice (1024): Please change the value of 'Security.salt' in app/config/core.php to a salt value specific to your application in [/home/fred/sites/sandbox/adrotator/cake/libs/debugger.php, line 684]
2010-06-26 17:26:35 Notice: Notice (1024): Please change the value of 'Security.cipherSeed' in app/config/core.php to a numeric (digits only) seed value specific to your application in [/home/fred/sites/sandbox/adrotator/cake/libs/debugger.php, line 688]
2010-06-26 17:26:37 Notice: Notice (1024): Please change the value of 'Security.salt' in app/config/core.php to a salt value specific to your application in [/home/fred/sites/sandbox/adrotator/cake/libs/debugger.php, line 684]
2010-06-26 17:26:37 Notice: Notice (1024): Please change the value of 'Security.cipherSeed' in app/config/core.php to a numeric (digits only) seed value specific to your application in [/home/fred/sites/sandbox/adrotator/cake/libs/debugger.php, line 688]
2010-06-26 17:27:06 Notice: Notice (1024): Please change the value of 'Security.salt' in app/config/core.php to a salt value specific to your application in [/home/fred/sites/sandbox/adrotator/cake/libs/debugger.php, line 684]
2010-06-26 17:27:06 Notice: Notice (1024): Please change the value of 'Security.cipherSeed' in app/config/core.php to a numeric (digits only) seed value specific to your application in [/home/fred/sites/sandbox/adrotator/cake/libs/debugger.php, line 688]
2010-06-26 17:27:43 Notice: Notice (1024): Please change the value of 'Security.cipherSeed' in app/config/core.php to a numeric (digits only) seed value specific to your application in [/home/fred/sites/sandbox/adrotator/cake/libs/debugger.php, line 688]
2010-06-26 18:38:34 Notice: Notice (8): Undefined index: image_file_name in [/home/fred/sites/sandbox/adrotator/app/views/campaigns/index.ctp, line 24]
2010-06-26 18:38:52 Notice: Notice (8): Undefined index: image_file_name in [/home/fred/sites/sandbox/adrotator/app/views/campaigns/view.ctp, line 16]
2010-06-26 18:45:02 Notice: Notice (8): Undefined index: image_file_name in [/home/fred/sites/sandbox/adrotator/app/views/sponsors/view.ctp, line 54]
2010-06-26 18:48:11 Notice: Notice (8): Array to string conversion in [/home/fred/sites/sandbox/adrotator/cake/libs/model/datasources/dbo_source.php, line 738]
2010-06-26 18:50:21 Notice: Notice (8): Array to string conversion in [/home/fred/sites/sandbox/adrotator/cake/libs/model/datasources/dbo_source.php, line 738]
2010-06-26 18:50:26 Notice: Notice (8): Array to string conversion in [/home/fred/sites/sandbox/adrotator/cake/libs/model/datasources/dbo_source.php, line 738]
2010-06-26 18:50:46 Notice: Notice (8): Array to string conversion in [/home/fred/sites/sandbox/adrotator/cake/libs/model/datasources/dbo_source.php, line 738]
2010-06-26 19:17:58 Notice: Notice (8): Undefined property: View::$Session in [/home/fred/sites/sandbox/adrotator/cake/libs/view/layouts/default.ctp, line 43]
2010-06-26 19:18:15 Notice: Notice (8): Undefined property: View::$Session in [/home/fred/sites/sandbox/adrotator/cake/libs/view/layouts/default.ctp, line 43]
2010-06-26 19:18:38 Notice: Notice (8): Undefined property: View::$Session in [/home/fred/sites/sandbox/adrotator/cake/libs/view/layouts/default.ctp, line 43]
2010-06-26 19:18:39 Notice: Notice (8): Undefined property: View::$Session in [/home/fred/sites/sandbox/adrotator/cake/libs/view/layouts/default.ctp, line 43]
2010-06-26 19:18:40 Notice: Notice (8): Undefined property: View::$Session in [/home/fred/sites/sandbox/adrotator/cake/libs/view/layouts/default.ctp, line 43]
2010-06-26 19:18:40 Notice: Notice (8): Undefined property: View::$Session in [/home/fred/sites/sandbox/adrotator/cake/libs/view/layouts/default.ctp, line 43]
2010-06-26 20:39:34 Notice: Notice (8): Undefined index: name in [/home/fred/sites/sandbox/adrotator/app/views/campaigns/index.ctp, line 30]
2010-06-26 20:39:43 Notice: Notice (8): Undefined index: name in [/home/fred/sites/sandbox/adrotator/app/views/campaigns/index.ctp, line 30]
2010-06-26 20:39:54 Notice: Notice (8): Undefined index: name in [/home/fred/sites/sandbox/adrotator/app/views/campaigns/index.ctp, line 30]
2010-06-26 21:35:58 Notice: Notice (8): Undefined property: CampaignsController::$Campaigns in [/home/fred/sites/sandbox/adrotator/app/controllers/campaigns_controller.php, line 7]
2010-06-27 03:51:03 Notice: Notice (8): Undefined index: Campaign in [/home/fred/sites/sandbox/adrotator/app/views/sponsors/view.ctp, line 63]
