2010-06-26 18:34:35 Warning: Warning (2): mkdir() [<a href='http://php.net/function.mkdir'>function.mkdir</a>]: Permission denied in [/home/fred/sites/sandbox/adrotator/cake/libs/folder.php, line 497]
2010-06-26 18:48:11 Warning: Warning (512): <span style="color:Red;text-align:left"><b>SQL Error:</b> 1054: Unknown column 'Array' in 'field list'</span> in [/home/fred/sites/sandbox/adrotator/cake/libs/model/datasources/dbo_source.php, line 673]
2010-06-26 18:50:21 Warning: Warning (512): <span style="color:Red;text-align:left"><b>SQL Error:</b> 1054: Unknown column 'Array' in 'field list'</span> in [/home/fred/sites/sandbox/adrotator/cake/libs/model/datasources/dbo_source.php, line 673]
2010-06-26 18:50:26 Warning: Warning (512): <span style="color:Red;text-align:left"><b>SQL Error:</b> 1054: Unknown column 'Array' in 'field list'</span> in [/home/fred/sites/sandbox/adrotator/cake/libs/model/datasources/dbo_source.php, line 673]
2010-06-26 18:50:46 Warning: Warning (512): <span style="color:Red;text-align:left"><b>SQL Error:</b> 1054: Unknown column 'Array' in 'field list'</span> in [/home/fred/sites/sandbox/adrotator/cake/libs/model/datasources/dbo_source.php, line 673]
2010-06-26 19:00:28 Warning: Warning (512): MeioUploadBehavior Error: The field "thumbSizes" doesn't exists in the model "Campaign". in [/home/fred/sites/sandbox/adrotator/app/plugins/meio_upload/models/behaviors/meio_upload.php, line 203]
2010-06-26 19:00:36 Warning: Warning (512): MeioUploadBehavior Error: The field "thumbsizes" doesn't exists in the model "Campaign". in [/home/fred/sites/sandbox/adrotator/app/plugins/meio_upload/models/behaviors/meio_upload.php, line 203]
2010-06-26 19:00:57 Error: Fatal Error (256): MeioUploadBehavior Error: The thumbsizes names must be alphanumeric. in [/home/fred/sites/sandbox/adrotator/app/plugins/meio_upload/models/behaviors/meio_upload.php, line 209]
2010-06-26 19:01:20 Error: Fatal Error (256): MeioUploadBehavior Error: The thumbsizes names must be alphanumeric. in [/home/fred/sites/sandbox/adrotator/app/plugins/meio_upload/models/behaviors/meio_upload.php, line 209]
2010-06-26 19:01:21 Error: Fatal Error (256): MeioUploadBehavior Error: The thumbsizes names must be alphanumeric. in [/home/fred/sites/sandbox/adrotator/app/plugins/meio_upload/models/behaviors/meio_upload.php, line 209]
2010-06-26 19:01:33 Error: Fatal Error (256): MeioUploadBehavior Error: The thumbsizes names must be alphanumeric. in [/home/fred/sites/sandbox/adrotator/app/plugins/meio_upload/models/behaviors/meio_upload.php, line 209]
2010-06-26 19:01:34 Error: Fatal Error (256): MeioUploadBehavior Error: The thumbsizes names must be alphanumeric. in [/home/fred/sites/sandbox/adrotator/app/plugins/meio_upload/models/behaviors/meio_upload.php, line 209]
2010-06-27 00:09:46 Error: Fatal Error (256): MeioUploadBehavior Error: The thumbsizes names must be alphanumeric. in [/home/fred/sites/sandbox/adrotator/app/plugins/meio_upload/models/behaviors/meio_upload.php, line 209]
2010-06-27 00:09:47 Error: Fatal Error (256): MeioUploadBehavior Error: The thumbsizes names must be alphanumeric. in [/home/fred/sites/sandbox/adrotator/app/plugins/meio_upload/models/behaviors/meio_upload.php, line 209]
2010-06-27 00:10:15 Error: Fatal Error (256): MeioUploadBehavior Error: The thumbsizes names must be alphanumeric. in [/home/fred/sites/sandbox/adrotator/app/plugins/meio_upload/models/behaviors/meio_upload.php, line 209]
2010-06-27 01:12:47 Warning: Warning (512): Could not find $userModel. Please set AuthComponent::$userModel in beforeFilter(). in [/home/fred/sites/sandbox/adrotator/cake/libs/controller/components/auth.php, line 464]
2010-06-27 01:13:03 Warning: Warning (512): <span style="color:Red;text-align:left"><b>SQL Error:</b> 1064: You have an error in your SQL syntax; check the manual that corresponds to your MySQL server version for the right syntax to use near 'FROM `users` AS `User`   WHERE `User`.`username` = 'asdf' AND `User`.`password` ' at line 1</span> in [/home/fred/sites/sandbox/adrotator/cake/libs/model/datasources/dbo_source.php, line 673]
2010-06-27 01:13:59 Warning: Warning (512): Could not find $userModel. Please set AuthComponent::$userModel in beforeFilter(). in [/home/fred/sites/sandbox/adrotator/cake/libs/controller/components/auth.php, line 464]
2010-06-27 01:14:09 Warning: Warning (512): <span style="color:Red;text-align:left"><b>SQL Error:</b> 1064: You have an error in your SQL syntax; check the manual that corresponds to your MySQL server version for the right syntax to use near 'FROM `users` AS `User`   WHERE `User`.`username` = 'asdf' AND `User`.`password` ' at line 1</span> in [/home/fred/sites/sandbox/adrotator/cake/libs/model/datasources/dbo_source.php, line 673]
2010-06-27 01:15:14 Warning: Warning (512): <span style="color:Red;text-align:left"><b>SQL Error:</b> 1064: You have an error in your SQL syntax; check the manual that corresponds to your MySQL server version for the right syntax to use near 'FROM `users` AS `User`   WHERE `User`.`username` = 'asdf' AND `User`.`password` ' at line 1</span> in [/home/fred/sites/sandbox/adrotator/cake/libs/model/datasources/dbo_source.php, line 673]
2010-06-27 01:15:20 Warning: Warning (512): <span style="color:Red;text-align:left"><b>SQL Error:</b> 1064: You have an error in your SQL syntax; check the manual that corresponds to your MySQL server version for the right syntax to use near 'FROM `users` AS `User`   WHERE `User`.`username` = 'admin' AND `User`.`password`' at line 1</span> in [/home/fred/sites/sandbox/adrotator/cake/libs/model/datasources/dbo_source.php, line 673]
2010-06-27 11:12:45 Warning: Warning (2): preg_match() expects parameter 2 to be string, array given in [/home/fred/sites/sandbox/adrotator/cake/libs/validation.php, line 946]
2010-06-29 13:43:40 Warning: Warning (2): preg_match() expects parameter 2 to be string, array given in [/home/fred/sites/sandbox/adrotator/cake/libs/validation.php, line 946]
2010-06-29 13:43:48 Warning: Warning (2): preg_match() expects parameter 2 to be string, array given in [/home/fred/sites/sandbox/adrotator/cake/libs/validation.php, line 946]
2010-06-29 13:43:58 Warning: Warning (2): preg_match() expects parameter 2 to be string, array given in [/home/fred/sites/sandbox/adrotator/cake/libs/validation.php, line 946]
2010-06-29 13:44:16 Warning: Warning (2): preg_match() expects parameter 2 to be string, array given in [/home/fred/sites/sandbox/adrotator/cake/libs/validation.php, line 946]
2010-06-29 13:45:33 Warning: Warning (2): preg_match() expects parameter 2 to be string, array given in [/home/fred/sites/sandbox/adrotator/cake/libs/validation.php, line 946]
2010-06-29 13:45:40 Warning: Warning (2): preg_match() expects parameter 2 to be string, array given in [/home/fred/sites/sandbox/adrotator/cake/libs/validation.php, line 946]
2010-06-29 13:46:03 Warning: Warning (2): preg_match() expects parameter 2 to be string, array given in [/home/fred/sites/sandbox/adrotator/cake/libs/validation.php, line 946]
2010-06-29 13:46:26 Warning: Warning (2): preg_match() expects parameter 2 to be string, array given in [/home/fred/sites/sandbox/adrotator/cake/libs/validation.php, line 946]
2010-06-29 13:46:31 Warning: Warning (2): preg_match() expects parameter 2 to be string, array given in [/home/fred/sites/sandbox/adrotator/cake/libs/validation.php, line 946]
2010-06-29 13:56:57 Warning: Warning (2): preg_match() expects parameter 2 to be string, array given in [/home/fred/sites/sandbox/adrotator/cake/libs/validation.php, line 946]
2010-06-29 13:57:13 Warning: Warning (2): preg_match() expects parameter 2 to be string, array given in [/home/fred/sites/sandbox/adrotator/cake/libs/validation.php, line 946]
2010-06-29 13:57:52 Warning: Warning (2): preg_match() expects parameter 2 to be string, array given in [/home/fred/sites/sandbox/adrotator/cake/libs/validation.php, line 946]
2010-06-29 13:58:19 Warning: Warning (2): preg_match() expects parameter 2 to be string, array given in [/home/fred/sites/sandbox/adrotator/cake/libs/validation.php, line 946]
2010-06-29 14:00:50 Warning: Warning (2): preg_match() expects parameter 2 to be string, array given in [/home/fred/sites/sandbox/adrotator/cake/libs/validation.php, line 946]
2010-06-29 14:08:15 Warning: Warning (512): Could not find validation handler file for image in [/home/fred/sites/sandbox/adrotator/cake/libs/model/model.php, line 2573]
2010-06-29 14:08:15 Warning: Warning (2): Cannot modify header information - headers already sent by (output started at /home/fred/sites/sandbox/adrotator/cake/libs/debugger.php:673) in [/home/fred/sites/sandbox/adrotator/cake/libs/controller/controller.php, line 746]
2010-07-01 15:55:34 Warning: Warning (512): Method ImageHelper::image does not exist in [/home/fred/sites/sandbox/adrotator/cake/libs/view/helper.php, line 154]
2010-07-01 15:55:34 Warning: Warning (512): Method ImageHelper::image does not exist in [/home/fred/sites/sandbox/adrotator/cake/libs/view/helper.php, line 154]
2010-07-01 15:55:37 Warning: Warning (512): Method ImageHelper::image does not exist in [/home/fred/sites/sandbox/adrotator/cake/libs/view/helper.php, line 154]
2010-07-01 15:55:37 Warning: Warning (512): Method ImageHelper::image does not exist in [/home/fred/sites/sandbox/adrotator/cake/libs/view/helper.php, line 154]
2010-07-01 15:55:37 Warning: Warning (512): Method ImageHelper::image does not exist in [/home/fred/sites/sandbox/adrotator/cake/libs/view/helper.php, line 154]
2010-07-01 15:55:40 Warning: Warning (512): Method ImageHelper::image does not exist in [/home/fred/sites/sandbox/adrotator/cake/libs/view/helper.php, line 154]
2010-07-01 15:55:43 Warning: Warning (512): Method ImageHelper::image does not exist in [/home/fred/sites/sandbox/adrotator/cake/libs/view/helper.php, line 154]
2010-07-01 15:55:46 Warning: Warning (512): Method ImageHelper::image does not exist in [/home/fred/sites/sandbox/adrotator/cake/libs/view/helper.php, line 154]
2010-07-01 15:55:49 Warning: Warning (512): Method ImageHelper::image does not exist in [/home/fred/sites/sandbox/adrotator/cake/libs/view/helper.php, line 154]
2010-07-01 15:55:52 Warning: Warning (512): Method ImageHelper::image does not exist in [/home/fred/sites/sandbox/adrotator/cake/libs/view/helper.php, line 154]
2010-07-01 15:55:55 Warning: Warning (512): Method ImageHelper::image does not exist in [/home/fred/sites/sandbox/adrotator/cake/libs/view/helper.php, line 154]
2010-07-01 15:55:58 Warning: Warning (512): Method ImageHelper::image does not exist in [/home/fred/sites/sandbox/adrotator/cake/libs/view/helper.php, line 154]
2010-07-01 15:56:01 Warning: Warning (512): Method ImageHelper::image does not exist in [/home/fred/sites/sandbox/adrotator/cake/libs/view/helper.php, line 154]
2010-07-01 15:56:04 Warning: Warning (512): Method ImageHelper::image does not exist in [/home/fred/sites/sandbox/adrotator/cake/libs/view/helper.php, line 154]
2010-07-01 15:56:07 Warning: Warning (512): Method ImageHelper::image does not exist in [/home/fred/sites/sandbox/adrotator/cake/libs/view/helper.php, line 154]
2010-07-01 15:56:10 Warning: Warning (512): Method ImageHelper::image does not exist in [/home/fred/sites/sandbox/adrotator/cake/libs/view/helper.php, line 154]
